#
# A fatal error has been detected by the Java Runtime Environment:
#
#  Internal Error (javaClasses.cpp:127), pid=6992, tid=4840
#  fatal error: Invalid layout of preloaded class
#
# JRE version:  (8.0_51-b16) (build )
# Java VM: Java HotSpot(TM) 64-Bit Server VM (25.51-b03 mixed mode windows-amd64 compressed oops)
# Failed to write core dump. Minidumps are not enabled by default on client versions of Windows
#
# If you would like to submit a bug report, please visit:
#   http://bugreport.java.com/bugreport/crash.jsp
#

---------------  T H R E A D  ---------------

Current thread (0x00000000026a0800):  JavaThread "Unknown thread" [_thread_in_vm, id=4840, stack(0x00000000024e0000,0x00000000025e0000)]

Stack: [0x00000000024e0000,0x00000000025e0000]
Native frames: (J=compiled Java code, j=interpreted, Vv=VM code, C=native code)
V  [jvm.dll+0x32b4ca]
V  [jvm.dll+0x2797e3]
V  [jvm.dll+0x27a479]
V  [jvm.dll+0x2716e6]
V  [jvm.dll+0x67fc3]
V  [jvm.dll+0x680b3]
V  [jvm.dll+0x7d6da]
V  [jvm.dll+0x7da46]
V  [jvm.dll+0xf2087]
V  [jvm.dll+0xf2416]
V  [jvm.dll+0x20f077]
V  [jvm.dll+0x240d2a]
V  [jvm.dll+0x15b9a1]
C  [javaw.exe+0x217e]
C  [javaw.exe+0xcd37]
C  [javaw.exe+0xcdcb]
C  [KERNEL32.DLL+0x168d]
C  [ntdll.dll+0x74629]


---------------  P R O C E S S  ---------------

Java Threads: ( => current thread )

Other Threads:

=>0x00000000026a0800 (exited) JavaThread "Unknown thread" [_thread_in_vm, id=4840, stack(0x00000000024e0000,0x00000000025e0000)]

VM state:not at safepoint (not fully initialized)

VM Mutex/Monitor currently owned by a thread: None

GC Heap History (0 events):
No events

Deoptimization events (0 events):
No events

Internal exceptions (0 events):
No events

Events (10 events):
Event: 0.140 loading class java/lang/CharSequence done
Event: 0.141 loading class java/lang/String done
Event: 0.141 loading class java/lang/Class
Event: 0.141 loading class java/lang/reflect/AnnotatedElement
Event: 0.141 loading class java/lang/reflect/AnnotatedElement done
Event: 0.141 loading class java/lang/reflect/GenericDeclaration
Event: 0.141 loading class java/lang/reflect/GenericDeclaration done
Event: 0.141 loading class java/lang/reflect/Type
Event: 0.141 loading class java/lang/reflect/Type done
Event: 0.142 loading class java/lang/Class done


Dynamic libraries:
0x00007ff7eb2a0000 - 0x00007ff7eb2d7000 	C:\Program Files\Java\jdk1.8.0_51\bin\javaw.exe
0x00007ff8d23a0000 - 0x00007ff8d254a000 	C:\Windows\SYSTEM32\ntdll.dll
0x00007ff8cffb0000 - 0x00007ff8d00ea000 	C:\Windows\system32\KERNEL32.DLL
0x00007ff8cf930000 - 0x00007ff8cfa40000 	C:\Windows\system32\KERNELBASE.dll
0x00007ff8ce340000 - 0x00007ff8ce3c8000 	C:\Windows\system32\apphelp.dll
0x00007ff8a7290000 - 0x00007ff8a72df000 	C:\Windows\AppPatch\AppPatch64\AcGenral.DLL
0x00007ff8d08e0000 - 0x00007ff8d0987000 	C:\Windows\system32\msvcrt.dll
0x00007ff8cf4f0000 - 0x00007ff8cf51b000 	C:\Windows\SYSTEM32\SspiCli.dll
0x00007ff8cff40000 - 0x00007ff8cff91000 	C:\Windows\system32\SHLWAPI.dll
0x00007ff8cfc40000 - 0x00007ff8cfdb1000 	C:\Windows\system32\USER32.dll
0x00007ff8cfdc0000 - 0x00007ff8cff38000 	C:\Windows\system32\ole32.dll
0x00007ff8d0990000 - 0x00007ff8d1da7000 	C:\Windows\system32\SHELL32.dll
0x00007ff8ced20000 - 0x00007ff8ced3f000 	C:\Windows\SYSTEM32\USERENV.dll
0x00007ff8d0590000 - 0x00007ff8d0635000 	C:\Windows\system32\ADVAPI32.dll
0x00007ff8c7760000 - 0x00007ff8c777b000 	C:\Windows\SYSTEM32\MPR.dll
0x00007ff8d1db0000 - 0x00007ff8d1ee6000 	C:\Windows\system32\RPCRT4.dll
0x00007ff8d1f30000 - 0x00007ff8d1f87000 	C:\Windows\SYSTEM32\sechost.dll
0x00007ff8d01c0000 - 0x00007ff8d0396000 	C:\Windows\SYSTEM32\combase.dll
0x00007ff8d20b0000 - 0x00007ff8d21f5000 	C:\Windows\system32\GDI32.dll
0x00007ff8cf710000 - 0x00007ff8cf724000 	C:\Windows\SYSTEM32\profapi.dll
0x00007ff8cddb0000 - 0x00007ff8cde4f000 	C:\Windows\SYSTEM32\SHCORE.dll
0x00007ff8d1ef0000 - 0x00007ff8d1f24000 	C:\Windows\system32\IMM32.DLL
0x00007ff8d0450000 - 0x00007ff8d0589000 	C:\Windows\system32\MSCTF.dll
0x00007ff8cd550000 - 0x00007ff8cd7aa000 	C:\Windows\WinSxS\amd64_microsoft.windows.common-controls_6595b64144ccf1df_6.0.9600.17031_none_6242a4b3ecbb55a1\COMCTL32.dll
0x0000000066ee0000 - 0x0000000066fb2000 	C:\Program Files\Java\jdk1.8.0_51\jre\bin\msvcr100.dll
0x0000000066fc0000 - 0x0000000067843000 	C:\Program Files\Java\jdk1.8.0_51\jre\bin\server\jvm.dll
0x00007ff8c7750000 - 0x00007ff8c7759000 	C:\Windows\SYSTEM32\WSOCK32.dll
0x00007ff8cd0a0000 - 0x00007ff8cd0bf000 	C:\Windows\SYSTEM32\WINMM.dll
0x00007ff8cd0c0000 - 0x00007ff8cd0ca000 	C:\Windows\SYSTEM32\VERSION.dll
0x00007ff8d01b0000 - 0x00007ff8d01b7000 	C:\Windows\system32\PSAPI.DLL
0x00007ff8d2050000 - 0x00007ff8d20a8000 	C:\Windows\system32\WS2_32.dll
0x00007ff8ccfe0000 - 0x00007ff8cd00a000 	C:\Windows\SYSTEM32\WINMMBASE.dll
0x00007ff8cffa0000 - 0x00007ff8cffa9000 	C:\Windows\system32\NSI.dll
0x00007ff8cf8e0000 - 0x00007ff8cf92a000 	C:\Windows\SYSTEM32\cfgmgr32.dll
0x00007ff8ce5a0000 - 0x00007ff8ce5c6000 	C:\Windows\SYSTEM32\DEVOBJ.dll
0x00000000687a0000 - 0x00000000687af000 	C:\Program Files\Java\jdk1.8.0_51\jre\bin\verify.dll
0x0000000068770000 - 0x0000000068799000 	C:\Program Files\Java\jdk1.8.0_51\jre\bin\java.dll
0x0000000068470000 - 0x0000000068486000 	C:\Program Files\Java\jdk1.8.0_51\jre\bin\zip.dll
0x00007ff8c7050000 - 0x00007ff8c71d8000 	C:\Windows\SYSTEM32\dbghelp.dll

VM Arguments:
jvm_args: -Dfile.encoding=Cp1252 -Xbootclasspath:F:\adt-bundle-windows-x86_64-20140702\sdk\platforms\android-23\android.jar 
java_command: eek.tripplanning.BFSImplementation
java_class_path (initial): F:\AndroidWorkSpace\TripPlanning\bin\classes;F:\AndroidWorkSpace\android-support-v7-appcompat\libs\android-support-v4.jar;F:\AndroidWorkSpace\google-play-services_lib\libs\google-play-services.jar;F:\AndroidWorkSpace\android-support-v7-appcompat\libs\android-support-v7-appcompat.jar;F:\AndroidWorkSpace\google-play-services_lib\bin\google-play-services_lib.jar;F:\AndroidWorkSpace\android-support-v7-appcompat\bin\android-support-v7-appcompat.jar
Launcher Type: SUN_STANDARD

Environment Variables:
JAVA_HOME=C:\Program Files\Java\jdk1.8.0_51\bin
PATH=C:/Program Files/Java/jdk1.8.0_51/bin/../jre/bin/server;C:/Program Files/Java/jdk1.8.0_51/bin/../jre/bin;C:/Program Files/Java/jdk1.8.0_51/bin/../jre/lib/amd64;C:\oraclexe\app\oracle\product\11.2.0\server\bin;;C:\Program Files\Java\jdk1.8.0_51\bin;C:\Program Files\MiKTeX 2.9\miktex\bin\x64\;C:\Program Files\Java\jdk1.8.0_51\bin;F:\adt-bundle-windows-x86_64-20140702\eclipse;
USERNAME=User
OS=Windows_NT
PROCESSOR_IDENTIFIER=Intel64 Family 6 Model 69 Stepping 1, GenuineIntel



---------------  S Y S T E M  ---------------

OS: Windows 8.1 , 64 bit Build 9600 (6.3.9600.17031)

CPU:total 4 (2 cores per cpu, 2 threads per core) family 6 model 69 stepping 1, cmov, cx8, fxsr, mmx, sse, sse2, sse3, ssse3, sse4.1, sse4.2, popcnt, avx, avx2, aes, clmul, erms, lzcnt, ht, tsc, tscinvbit, bmi1, bmi2

Memory: 4k page, physical 4115736k(1118240k free), swap 7879188k(2865052k free)

vm_info: Java HotSpot(TM) 64-Bit Server VM (25.51-b03) for windows-amd64 JRE (1.8.0_51-b16), built on Jun  8 2015 18:03:07 by "java_re" with MS VC++ 10.0 (VS2010)

time: Sat Dec 10 22:00:03 2016
elapsed time: 0 seconds (0d 0h 0m 0s)

